<?xml version="1.0" encoding="UTF-8"?>
<testsuites>
  <testsuite name="performing_a_yahoo_search1" timestamp="2018-10-15T11:36:14" time="7.87" tests="0" failures="0" errors="0" skipped="0">
    <properties>
      <property name="specId" value="e912cd61648a26847360a8878639dfe0"/>
      <property name="suiteName" value="Performing a Yahoo Search1"/>
      <property name="capabilities" value="chrome"/>
    </properties>
  </testsuite>
  <testsuite name="performing_a_search_operation11" timestamp="2018-10-15T11:36:14" time="6.093" tests="4" failures="0" errors="1" skipped="3">
    <properties>
      <property name="specId" value="e912cd61648a26847360a8878639dfe0"/>
      <property name="suiteName" value="Performing a search operation11"/>
      <property name="capabilities" value="chrome"/>
    </properties>
    <testcase classname="chrome.Performing a search operation11" name="I am on the search page9" time="13.397">
      <error message="&#xA;expected 'Yahoo is now part of Oath' to equal 'Yahoo Search - Web Search'&#xA;"/>
      <system-err>
        <![CDATA[
AssertionError: expected 'Yahoo is now part of Oath' to equal 'Yahoo Search - Web Search'
    at World.<anonymous> (/Users/devkhaira/github/AI-testing/test/stepDefinitions/given.js:11:31)
    at new Promise (<anonymous>)
    at new F (/Users/devkhaira/github/AI-testing/node_modules/core-js/library/modules/_export.js:36:28)
]]>
      </system-err>
    </testcase>
    <testcase classname="chrome.Performing a search operation11" name="I enter &quot;Selenium Webdriver&quot; into the search box12" time="0.001">
      <skipped/>
    </testcase>
    <testcase classname="chrome.Performing a search operation11" name="I click the search button13" time="0">
      <skipped/>
    </testcase>
    <testcase classname="chrome.Performing a search operation11" name="I should see a list of search results14" time="0">
      <skipped/>
    </testcase>
  </testsuite>
  <testsuite name="performing_a_search_operation_with_passing_test_data_as_data_table23" timestamp="2018-10-15T11:36:20" time="1.708" tests="4" failures="0" errors="1" skipped="3">
    <properties>
      <property name="specId" value="e912cd61648a26847360a8878639dfe0"/>
      <property name="suiteName" value="Performing a search operation with passing test data as data table23"/>
      <property name="capabilities" value="chrome"/>
    </properties>
    <testcase classname="chrome.Performing a search operation with passing test data as data table23" name="I am on the search page9" time="7.258">
      <error message="&#xA;expected 'Yahoo is now part of Oath' to equal 'Yahoo Search - Web Search'&#xA;"/>
      <system-err>
        <![CDATA[
AssertionError: expected 'Yahoo is now part of Oath' to equal 'Yahoo Search - Web Search'
    at World.<anonymous> (/Users/devkhaira/github/AI-testing/test/stepDefinitions/given.js:11:31)
    at new Promise (<anonymous>)
    at new F (/Users/devkhaira/github/AI-testing/node_modules/core-js/library/modules/_export.js:36:28)
]]>
      </system-err>
    </testcase>
    <testcase classname="chrome.Performing a search operation with passing test data as data table23" name="I enter &quot;Selenium Webdriver&quot; into the search box17" time="0">
      <skipped/>
    </testcase>
    <testcase classname="chrome.Performing a search operation with passing test data as data table23" name="I click the search button18" time="0">
      <skipped/>
    </testcase>
    <testcase classname="chrome.Performing a search operation with passing test data as data table23" name="I should see a list of search results19" time="0">
      <skipped/>
    </testcase>
  </testsuite>
</testsuites>