<?xml version='1.0'?>
<ns2:test-suite xmlns:ns2='urn:model.allure.qatools.yandex.ru' start='1539599780393' stop='1539599782101'>
    <name>Performing a Yahoo Search Performing a search operation with passing test data as data table</name>
    <title>Performing a Yahoo Search Performing a search operation with passing test data as data table</title>
    <test-cases>
        <test-case start='1539599780393' status='failed' stop='1539599782079'>
            <name>I am on the search page</name>
            <title>I am on the search page</title>
            <labels>
                <label name='feature' value='Performing a Yahoo Search'/>
                <label name='story' value='Performing a search operation with passing test data as data table'/>
                <label name='language' value='javascript'/>
                <label name='framework' value='wdio'/>
            </labels>
            <parameters>
                <parameter kind='argument' name='browser' value='chrome'/>
                <parameter kind='environment-variable' name='capabilities' value='{"browserName":"chrome","maxInstances":"5"}'/>
                <parameter kind='environment-variable' name='spec files' value='["/Users/devkhaira/github/AI-testing/test/features/yahoo-search.feature"]'/>
            </parameters>
            <steps>
                <step start='1539599780393' status='passed' stop='1539599781062'>
                    <name>POST /wd/hub/session/48beb4a7853e225a82557be5119eae89/url</name>
                    <title>POST /wd/hub/session/48beb4a7853e225a82557be5119eae89/url</title>
                    <attachments>
                        <attachment title='Request' source='4818d39f-9cb6-4be5-a93a-5b57a7cd3c89-attachment.json' type='application/json' size='42'/>
                        <attachment title='Response' source='73aa7a09-7775-45d6-9244-49c0f4893c63-attachment.json' type='application/json' size='91'/>
                    </attachments>
                    <steps/>
                </step>
                <step start='1539599782065' status='passed' stop='1539599782076'>
                    <name>GET /wd/hub/session/48beb4a7853e225a82557be5119eae89/title</name>
                    <title>GET /wd/hub/session/48beb4a7853e225a82557be5119eae89/title</title>
                    <attachments>
                        <attachment title='Response' source='fcf24803-c0f9-4610-9474-6bfb674e3efb-attachment.json' type='application/json' size='114'/>
                    </attachments>
                    <steps/>
                </step>
            </steps>
            <attachments/>
            <failure>
                <message>expected 'Yahoo is now part of Oath' to equal 'Yahoo Search - Web Search'</message>
                <stack-trace>AssertionError: expected 'Yahoo is now part of Oath' to equal 'Yahoo Search - Web Search'
                    at World.&lt;anonymous> (/Users/devkhaira/github/AI-testing/test/stepDefinitions/given.js:11:31)
                    at new Promise (&lt;anonymous>)
                    at new F (/Users/devkhaira/github/AI-testing/node_modules/core-js/library/modules/_export.js:36:28)</stack-trace>
            </failure>
        </test-case>
        <test-case start='1539599782083' status='pending' stop='1539599782085'>
            <name>I enter "Selenium Webdriver" into the search box</name>
            <title>I enter "Selenium Webdriver" into the search box</title>
            <labels>
                <label name='feature' value='Performing a Yahoo Search'/>
                <label name='story' value='Performing a search operation with passing test data as data table'/>
                <label name='language' value='javascript'/>
                <label name='framework' value='wdio'/>
            </labels>
            <parameters>
                <parameter kind='argument' name='browser' value='chrome'/>
                <parameter kind='environment-variable' name='capabilities' value='{"browserName":"chrome","maxInstances":"5"}'/>
                <parameter kind='environment-variable' name='spec files' value='["/Users/devkhaira/github/AI-testing/test/features/yahoo-search.feature"]'/>
            </parameters>
            <steps/>
            <attachments/>
        </test-case>
        <test-case start='1539599782087' status='pending' stop='1539599782088'>
            <name>I click the search button</name>
            <title>I click the search button</title>
            <labels>
                <label name='feature' value='Performing a Yahoo Search'/>
                <label name='story' value='Performing a search operation with passing test data as data table'/>
                <label name='language' value='javascript'/>
                <label name='framework' value='wdio'/>
            </labels>
            <parameters>
                <parameter kind='argument' name='browser' value='chrome'/>
                <parameter kind='environment-variable' name='capabilities' value='{"browserName":"chrome","maxInstances":"5"}'/>
                <parameter kind='environment-variable' name='spec files' value='["/Users/devkhaira/github/AI-testing/test/features/yahoo-search.feature"]'/>
            </parameters>
            <steps/>
            <attachments/>
        </test-case>
        <test-case start='1539599782091' status='pending' stop='1539599782093'>
            <name>I should see a list of search results</name>
            <title>I should see a list of search results</title>
            <labels>
                <label name='feature' value='Performing a Yahoo Search'/>
                <label name='story' value='Performing a search operation with passing test data as data table'/>
                <label name='language' value='javascript'/>
                <label name='framework' value='wdio'/>
            </labels>
            <parameters>
                <parameter kind='argument' name='browser' value='chrome'/>
                <parameter kind='environment-variable' name='capabilities' value='{"browserName":"chrome","maxInstances":"5"}'/>
                <parameter kind='environment-variable' name='spec files' value='["/Users/devkhaira/github/AI-testing/test/features/yahoo-search.feature"]'/>
            </parameters>
            <steps/>
            <attachments/>
        </test-case>
    </test-cases>
</ns2:test-suite>