<?xml version='1.0'?>
<ns2:test-suite xmlns:ns2='urn:model.allure.qatools.yandex.ru' start='1539677374573' stop='1539677374590'>
    <name>Performing a Yahoo Search Performing a search operation</name>
    <title>Performing a Yahoo Search Performing a search operation</title>
    <test-cases>
        <test-case start='1539677374576' status='broken' stop='1539677374579'>
            <name>I am on the search page</name>
            <title>I am on the search page</title>
            <labels>
                <label name='feature' value='Performing a Yahoo Search'/>
                <label name='story' value='Performing a search operation'/>
                <label name='language' value='javascript'/>
                <label name='framework' value='wdio'/>
            </labels>
            <parameters>
                <parameter kind='argument' name='browser' value='chrome'/>
                <parameter kind='environment-variable' name='capabilities' value='{"browserName":"chrome","maxInstances":"1"}'/>
                <parameter kind='environment-variable' name='spec files' value='["/Users/devkhaira/github/AI-testing/test/features/kungFu.feature"]'/>
            </parameters>
            <steps/>
            <attachments/>
            <failure>
                <message>Step "I am on the search page" is not defined. You can ignore this error by setting
                                              cucumberOpts.ignoreUndefinedDefinitions as true.</message>
                <stack-trace>/Users/devkhaira/github/AI-testing/test/features/kungFu.feature:9</stack-trace>
            </failure>
        </test-case>
        <test-case start='1539677374583' status='broken' stop='1539677374584'>
            <name>I enter "Selenium Webdriver" into the search box</name>
            <title>I enter "Selenium Webdriver" into the search box</title>
            <labels>
                <label name='feature' value='Performing a Yahoo Search'/>
                <label name='story' value='Performing a search operation'/>
                <label name='language' value='javascript'/>
                <label name='framework' value='wdio'/>
            </labels>
            <parameters>
                <parameter kind='argument' name='browser' value='chrome'/>
                <parameter kind='environment-variable' name='capabilities' value='{"browserName":"chrome","maxInstances":"1"}'/>
                <parameter kind='environment-variable' name='spec files' value='["/Users/devkhaira/github/AI-testing/test/features/kungFu.feature"]'/>
            </parameters>
            <steps/>
            <attachments/>
            <failure>
                <message>Step "I enter "Selenium Webdriver" into the search box" is not defined. You can ignore this error by setting
                                              cucumberOpts.ignoreUndefinedDefinitions as true.</message>
                <stack-trace>/Users/devkhaira/github/AI-testing/test/features/kungFu.feature:12</stack-trace>
            </failure>
        </test-case>
        <test-case start='1539677374585' status='broken' stop='1539677374586'>
            <name>I click the search button</name>
            <title>I click the search button</title>
            <labels>
                <label name='feature' value='Performing a Yahoo Search'/>
                <label name='story' value='Performing a search operation'/>
                <label name='language' value='javascript'/>
                <label name='framework' value='wdio'/>
            </labels>
            <parameters>
                <parameter kind='argument' name='browser' value='chrome'/>
                <parameter kind='environment-variable' name='capabilities' value='{"browserName":"chrome","maxInstances":"1"}'/>
                <parameter kind='environment-variable' name='spec files' value='["/Users/devkhaira/github/AI-testing/test/features/kungFu.feature"]'/>
            </parameters>
            <steps/>
            <attachments/>
            <failure>
                <message>Step "I click the search button" is not defined. You can ignore this error by setting
                                              cucumberOpts.ignoreUndefinedDefinitions as true.</message>
                <stack-trace>/Users/devkhaira/github/AI-testing/test/features/kungFu.feature:13</stack-trace>
            </failure>
        </test-case>
        <test-case start='1539677374587' status='broken' stop='1539677374588'>
            <name>I should see a list of search results</name>
            <title>I should see a list of search results</title>
            <labels>
                <label name='feature' value='Performing a Yahoo Search'/>
                <label name='story' value='Performing a search operation'/>
                <label name='language' value='javascript'/>
                <label name='framework' value='wdio'/>
            </labels>
            <parameters>
                <parameter kind='argument' name='browser' value='chrome'/>
                <parameter kind='environment-variable' name='capabilities' value='{"browserName":"chrome","maxInstances":"1"}'/>
                <parameter kind='environment-variable' name='spec files' value='["/Users/devkhaira/github/AI-testing/test/features/kungFu.feature"]'/>
            </parameters>
            <steps/>
            <attachments/>
            <failure>
                <message>Step "I should see a list of search results" is not defined. You can ignore this error by setting
                                              cucumberOpts.ignoreUndefinedDefinitions as true.</message>
                <stack-trace>/Users/devkhaira/github/AI-testing/test/features/kungFu.feature:14</stack-trace>
            </failure>
        </test-case>
    </test-cases>
</ns2:test-suite>