<?xml version='1.0'?>
<ns2:test-suite xmlns:ns2='urn:model.allure.qatools.yandex.ru' start='1539677241906' stop='1539677241909'>
    <name>Performing a Yahoo Search Performing a search operation with passing test data as data table</name>
    <title>Performing a Yahoo Search Performing a search operation with passing test data as data table</title>
    <test-cases>
        <test-case start='1539677241906' status='broken' stop='1539677241906'>
            <name>I am on the search page</name>
            <title>I am on the search page</title>
            <labels>
                <label name='feature' value='Performing a Yahoo Search'/>
                <label name='story' value='Performing a search operation with passing test data as data table'/>
                <label name='language' value='javascript'/>
                <label name='framework' value='wdio'/>
            </labels>
            <parameters>
                <parameter kind='argument' name='browser' value='chrome'/>
                <parameter kind='environment-variable' name='capabilities' value='{"browserName":"chrome","maxInstances":"1"}'/>
                <parameter kind='environment-variable' name='spec files' value='["/Users/devkhaira/github/AI-testing/test/features/kungFu.feature"]'/>
            </parameters>
            <steps/>
            <attachments/>
            <failure>
                <message>browser.open is not a function</message>
                <stack-trace>TypeError: browser.open is not a function
                    at KungFuPage.open (/Users/devkhaira/github/AI-testing/test/pageobjects/kungFu.page.js:29:13)
                    at World.&lt;anonymous> (/Users/devkhaira/github/AI-testing/test/stepDefinitions/given.js:8:16)
                    at new Promise (&lt;anonymous>)
                    at new F (/Users/devkhaira/github/AI-testing/node_modules/core-js/library/modules/_export.js:36:28)</stack-trace>
            </failure>
        </test-case>
        <test-case start='1539677241906' status='broken' stop='1539677241906'>
            <name>I enter "Selenium Webdriver" into the search box</name>
            <title>I enter "Selenium Webdriver" into the search box</title>
            <labels>
                <label name='feature' value='Performing a Yahoo Search'/>
                <label name='story' value='Performing a search operation with passing test data as data table'/>
                <label name='language' value='javascript'/>
                <label name='framework' value='wdio'/>
            </labels>
            <parameters>
                <parameter kind='argument' name='browser' value='chrome'/>
                <parameter kind='environment-variable' name='capabilities' value='{"browserName":"chrome","maxInstances":"1"}'/>
                <parameter kind='environment-variable' name='spec files' value='["/Users/devkhaira/github/AI-testing/test/features/kungFu.feature"]'/>
            </parameters>
            <steps/>
            <attachments/>
            <failure>
                <message>Step "I enter "Selenium Webdriver" into the search box" is not defined. You can ignore this error by setting
                                              cucumberOpts.ignoreUndefinedDefinitions as true.</message>
                <stack-trace>/Users/devkhaira/github/AI-testing/test/features/kungFu.feature:17</stack-trace>
            </failure>
        </test-case>
        <test-case start='1539677241906' status='broken' stop='1539677241906'>
            <name>I click the search button</name>
            <title>I click the search button</title>
            <labels>
                <label name='feature' value='Performing a Yahoo Search'/>
                <label name='story' value='Performing a search operation with passing test data as data table'/>
                <label name='language' value='javascript'/>
                <label name='framework' value='wdio'/>
            </labels>
            <parameters>
                <parameter kind='argument' name='browser' value='chrome'/>
                <parameter kind='environment-variable' name='capabilities' value='{"browserName":"chrome","maxInstances":"1"}'/>
                <parameter kind='environment-variable' name='spec files' value='["/Users/devkhaira/github/AI-testing/test/features/kungFu.feature"]'/>
            </parameters>
            <steps/>
            <attachments/>
            <failure>
                <message>Step "I click the search button" is not defined. You can ignore this error by setting
                                              cucumberOpts.ignoreUndefinedDefinitions as true.</message>
                <stack-trace>/Users/devkhaira/github/AI-testing/test/features/kungFu.feature:18</stack-trace>
            </failure>
        </test-case>
        <test-case start='1539677241907' status='broken' stop='1539677241908'>
            <name>I should see a list of search results</name>
            <title>I should see a list of search results</title>
            <labels>
                <label name='feature' value='Performing a Yahoo Search'/>
                <label name='story' value='Performing a search operation with passing test data as data table'/>
                <label name='language' value='javascript'/>
                <label name='framework' value='wdio'/>
            </labels>
            <parameters>
                <parameter kind='argument' name='browser' value='chrome'/>
                <parameter kind='environment-variable' name='capabilities' value='{"browserName":"chrome","maxInstances":"1"}'/>
                <parameter kind='environment-variable' name='spec files' value='["/Users/devkhaira/github/AI-testing/test/features/kungFu.feature"]'/>
            </parameters>
            <steps/>
            <attachments/>
            <failure>
                <message>Step "I should see a list of search results" is not defined. You can ignore this error by setting
                                              cucumberOpts.ignoreUndefinedDefinitions as true.</message>
                <stack-trace>/Users/devkhaira/github/AI-testing/test/features/kungFu.feature:19</stack-trace>
            </failure>
        </test-case>
    </test-cases>
</ns2:test-suite>